Determining if the pthread_create exist failed with the following output:
Change Dir: /home/tore/software/ros_imc_broker/workspace/src/imc_ros_msgs/CMakeFiles/CMakeTmp

Run Build Command:"/usr/bin/make" "cmTC_bb9ff/fast"
/usr/bin/make -f CMakeFiles/cmTC_bb9ff.dir/build.make CMakeFiles/cmTC_bb9ff.dir/build
make[1]: Entering directory '/home/tore/software/ros_imc_broker/workspace/src/imc_ros_msgs/CMakeFiles/CMakeTmp'
Building C object CMakeFiles/cmTC_bb9ff.dir/CheckSymbolExists.c.o
/usr/bin/cc    -o CMakeFiles/cmTC_bb9ff.dir/CheckSymbolExists.c.o   -c /home/tore/software/ros_imc_broker/workspace/src/imc_ros_msgs/CMakeFiles/CMakeTmp/CheckSymbolExists.c
Linking C executable cmTC_bb9ff
/usr/bin/cmake -E cmake_link_script CMakeFiles/cmTC_bb9ff.dir/link.txt --verbose=1
/usr/bin/cc      -rdynamic CMakeFiles/cmTC_bb9ff.dir/CheckSymbolExists.c.o  -o cmTC_bb9ff 
CMakeFiles/cmTC_bb9ff.dir/CheckSymbolExists.c.o: In function `main':
CheckSymbolExists.c:(.text+0x1b): undefined reference to `pthread_create'
collect2: error: ld returned 1 exit status
CMakeFiles/cmTC_bb9ff.dir/build.make:97: recipe for target 'cmTC_bb9ff' failed
make[1]: *** [cmTC_bb9ff] Error 1
make[1]: Leaving directory '/home/tore/software/ros_imc_broker/workspace/src/imc_ros_msgs/CMakeFiles/CMakeTmp'
Makefile:126: recipe for target 'cmTC_bb9ff/fast' failed
make: *** [cmTC_bb9ff/fast] Error 2

File /home/tore/software/ros_imc_broker/workspace/src/imc_ros_msgs/CMakeFiles/CMakeTmp/CheckSymbolExists.c:
/* */
#include <pthread.h>

int main(int argc, char** argv)
{
  (void)argv;
#ifndef pthread_create
  return ((int*)(&pthread_create))[argc];
#else
  (void)argc;
  return 0;
#endif
}

Determining if the function pthread_create exists in the pthreads failed with the following output:
Change Dir: /home/tore/software/ros_imc_broker/workspace/src/imc_ros_msgs/CMakeFiles/CMakeTmp

Run Build Command:"/usr/bin/make" "cmTC_e4b10/fast"
/usr/bin/make -f CMakeFiles/cmTC_e4b10.dir/build.make CMakeFiles/cmTC_e4b10.dir/build
make[1]: Entering directory '/home/tore/software/ros_imc_broker/workspace/src/imc_ros_msgs/CMakeFiles/CMakeTmp'
Building C object CMakeFiles/cmTC_e4b10.dir/CheckFunctionExists.c.o
/usr/bin/cc   -DCHECK_FUNCTION_EXISTS=pthread_create   -o CMakeFiles/cmTC_e4b10.dir/CheckFunctionExists.c.o   -c /usr/share/cmake-3.10/Modules/CheckFunctionExists.c
Linking C executable cmTC_e4b10
/usr/bin/cmake -E cmake_link_script CMakeFiles/cmTC_e4b10.dir/link.txt --verbose=1
/usr/bin/cc  -DCHECK_FUNCTION_EXISTS=pthread_create    -rdynamic CMakeFiles/cmTC_e4b10.dir/CheckFunctionExists.c.o  -o cmTC_e4b10 -lpthreads 
/usr/bin/ld: cannot find -lpthreads
collect2: error: ld returned 1 exit status
CMakeFiles/cmTC_e4b10.dir/build.make:97: recipe for target 'cmTC_e4b10' failed
make[1]: *** [cmTC_e4b10] Error 1
make[1]: Leaving directory '/home/tore/software/ros_imc_broker/workspace/src/imc_ros_msgs/CMakeFiles/CMakeTmp'
Makefile:126: recipe for target 'cmTC_e4b10/fast' failed
make: *** [cmTC_e4b10/fast] Error 2


